d:\proiecte\hangman-spanzuratoarea\source\source\x64\debug\qrc_source.obj
d:\proiecte\hangman-spanzuratoarea\source\source\x64\debug\moc_source.obj
d:\proiecte\hangman-spanzuratoarea\source\source\x64\debug\source.obj
d:\proiecte\hangman-spanzuratoarea\source\source\x64\debug\main.obj
d:\proiecte\hangman-spanzuratoarea\source\source\x64\debug\vc142.pdb
d:\proiecte\hangman-spanzuratoarea\source\x64\debug\source.ilk
d:\proiecte\hangman-spanzuratoarea\source\x64\debug\source.exe
d:\proiecte\hangman-spanzuratoarea\source\x64\debug\source.pdb
d:\proiecte\hangman-spanzuratoarea\source\source\x64\debug\moc\moc_source.cpp
d:\proiecte\hangman-spanzuratoarea\source\source\x64\debug\rcc\qrc_source.cpp
d:\proiecte\hangman-spanzuratoarea\source\source\x64\debug\uic\ui_source.h
d:\proiecte\hangman-spanzuratoarea\source\source\x64\debug\source.tlog\cl.16576.write.1.tlog
d:\proiecte\hangman-spanzuratoarea\source\source\x64\debug\source.tlog\cl.command.1.tlog
d:\proiecte\hangman-spanzuratoarea\source\source\x64\debug\source.tlog\cl.read.1.tlog
d:\proiecte\hangman-spanzuratoarea\source\source\x64\debug\source.tlog\link.command.1.tlog
d:\proiecte\hangman-spanzuratoarea\source\source\x64\debug\source.tlog\link.read.1.tlog
d:\proiecte\hangman-spanzuratoarea\source\source\x64\debug\source.tlog\link.write.1.tlog
d:\proiecte\hangman-spanzuratoarea\source\source\x64\debug\source.tlog\moc.read.1u.tlog
d:\proiecte\hangman-spanzuratoarea\source\source\x64\debug\source.tlog\moc.write.1u.tlog
d:\proiecte\hangman-spanzuratoarea\source\source\x64\debug\source.tlog\rcc.read.1u.tlog
d:\proiecte\hangman-spanzuratoarea\source\source\x64\debug\source.tlog\rcc.write.1u.tlog
d:\proiecte\hangman-spanzuratoarea\source\source\x64\debug\source.tlog\source.write.1u.tlog
d:\proiecte\hangman-spanzuratoarea\source\source\x64\debug\source.tlog\uic.read.1u.tlog
d:\proiecte\hangman-spanzuratoarea\source\source\x64\debug\source.tlog\uic.write.1u.tlog
